2025-07-16 07:20:59,738 - __main__ - INFO - Logging initialized
2025-07-16 07:21:06,149 - __main__ - INFO - Logging initialized
2025-07-16 07:21:06,150 - __main__ - CRITICAL - Critical error: 'dict' object has no attribute 'debug'
Traceback (most recent call last):
  File "D:\projects\Credit Risk\windsurf_credit_runner.py", line 809, in main
    if args.debug:
       ^^^^^^^^^^
AttributeError: 'dict' object has no attribute 'debug'
2025-07-16 07:21:37,915 - __main__ - INFO - Logging initialized
2025-07-16 07:21:37,916 - __main__ - CRITICAL - Critical error: 'dict' object has no attribute 'debug'
Traceback (most recent call last):
  File "D:\projects\Credit Risk\windsurf_credit_runner.py", line 807, in main
    if args.debug:
       ^^^^^^^^^^
AttributeError: 'dict' object has no attribute 'debug'
2025-07-16 07:22:36,957 - __main__ - INFO - Logging initialized
2025-07-16 07:22:36,964 - __main__ - CRITICAL - Critical error: 'dict' object has no attribute 'debug'
Traceback (most recent call last):
  File "D:\projects\Credit Risk\windsurf_credit_runner.py", line 807, in main
    if args.debug:
       ^^^^^^^^^^
AttributeError: 'dict' object has no attribute 'debug'
2025-07-16 07:23:29,791 - __main__ - INFO - Logging initialized
2025-07-16 07:23:29,794 - __main__ - CRITICAL - Critical error: 'dict' object has no attribute 'debug'
Traceback (most recent call last):
  File "d:\projects\Credit Risk\windsurf_credit_runner.py", line 807, in main
    if args.debug:
       ^^^^^^^^^^
AttributeError: 'dict' object has no attribute 'debug'
2025-07-16 07:24:45,617 - __main__ - INFO - Logging initialized
2025-07-16 07:24:45,618 - __main__ - CRITICAL - Critical error: 'dict' object has no attribute 'debug'
Traceback (most recent call last):
  File "D:\projects\Credit Risk\windsurf_credit_runner.py", line 807, in main
    if args.debug:
       ^^^^^^^^^^
AttributeError: 'dict' object has no attribute 'debug'
2025-07-16 07:26:53,005 - __main__ - INFO - Logging initialized
2025-07-16 07:26:53,006 - __main__ - CRITICAL - Critical error: 'dict' object has no attribute 'debug'
Traceback (most recent call last):
  File "D:\projects\Credit Risk\windsurf_credit_runner.py", line 807, in main
    if args.debug:
       ^^^^^^^^^^
AttributeError: 'dict' object has no attribute 'debug'
2025-07-16 07:28:06,630 - __main__ - INFO - Logging initialized
2025-07-16 07:28:06,633 - __main__ - CRITICAL - Critical error: 'dict' object has no attribute 'debug'
Traceback (most recent call last):
  File "<string>", line 807, in main
AttributeError: 'dict' object has no attribute 'debug'
2025-07-16 07:29:12,180 - __main__ - INFO - Logging initialized
2025-07-16 07:29:12,182 - __main__ - INFO - ================================================================================
2025-07-16 07:29:12,182 - __main__ - INFO - 🚀 Starting Windsurf Credit Health Intelligence Engine
2025-07-16 07:29:12,182 - __main__ - CRITICAL - Critical error: 'dict' object has no attribute 'mode'
Traceback (most recent call last):
  File "D:\projects\Credit Risk\windsurf_credit_runner.py", line 816, in main
    logger.info(f"Mode: {args.mode.upper() if args.mode else 'Interactive'}")
                                              ^^^^^^^^^
AttributeError: 'dict' object has no attribute 'mode'
2025-07-16 07:30:01,730 - __main__ - INFO - Logging initialized
2025-07-16 07:30:01,730 - __main__ - INFO - ================================================================================
2025-07-16 07:30:01,730 - __main__ - INFO - 🚀 Starting Windsurf Credit Health Intelligence Engine
2025-07-16 07:30:01,730 - __main__ - INFO - Mode: Interactive
2025-07-16 07:30:01,732 - __main__ - INFO - ================================================================================
2025-07-16 07:30:01,732 - __main__ - CRITICAL - Critical error: 'dict' object has no attribute 'mode'
Traceback (most recent call last):
  File "D:\projects\Credit Risk\windsurf_credit_runner.py", line 821, in main
    if args.mode == 'clear':
       ^^^^^^^^^
AttributeError: 'dict' object has no attribute 'mode'
2025-07-16 07:30:28,518 - __main__ - INFO - Logging initialized
2025-07-16 07:30:28,520 - __main__ - INFO - ================================================================================
2025-07-16 07:30:28,520 - __main__ - INFO - 🚀 Starting Windsurf Credit Health Intelligence Engine
2025-07-16 07:30:28,520 - __main__ - INFO - Mode: Interactive
2025-07-16 07:30:28,521 - __main__ - INFO - ================================================================================
2025-07-16 07:30:28,521 - __main__ - CRITICAL - Critical error: 'dict' object has no attribute 'mode'
Traceback (most recent call last):
  File "d:\projects\Credit Risk\windsurf_credit_runner.py", line 821, in main
    if args.mode == 'clear':
       ^^^^^^^^^
AttributeError: 'dict' object has no attribute 'mode'
2025-07-16 07:30:29,429 - __main__ - INFO - Logging initialized
2025-07-16 07:30:29,431 - __main__ - INFO - ================================================================================
2025-07-16 07:30:29,431 - __main__ - INFO - 🚀 Starting Windsurf Credit Health Intelligence Engine
2025-07-16 07:30:29,431 - __main__ - INFO - Mode: Interactive
2025-07-16 07:30:29,432 - __main__ - INFO - ================================================================================
2025-07-16 07:30:29,432 - __main__ - CRITICAL - Critical error: 'dict' object has no attribute 'mode'
Traceback (most recent call last):
  File "d:\projects\Credit Risk\windsurf_credit_runner.py", line 821, in main
    if args.mode == 'clear':
       ^^^^^^^^^
AttributeError: 'dict' object has no attribute 'mode'
2025-07-16 07:30:52,116 - __main__ - INFO - Logging initialized
2025-07-16 07:30:52,118 - __main__ - INFO - ================================================================================
2025-07-16 07:30:52,119 - __main__ - INFO - 🚀 Starting Windsurf Credit Health Intelligence Engine
2025-07-16 07:30:52,119 - __main__ - INFO - Mode: Interactive
2025-07-16 07:30:52,119 - __main__ - INFO - ================================================================================
2025-07-16 07:30:52,119 - __main__ - INFO - Setting up environment...
2025-07-16 07:30:52,119 - __main__ - CRITICAL - Critical error: name 'debug' is not defined
Traceback (most recent call last):
  File "D:\projects\Credit Risk\windsurf_credit_runner.py", line 703, in setup_environment
    if not args.data_dir.exists():
           ^^^^^^^^^^^^^
AttributeError: 'dict' object has no attribute 'data_dir'

During handling of the above exception, another exception occurred:

Traceback (most recent call last):
  File "D:\projects\Credit Risk\windsurf_credit_runner.py", line 833, in main
    if not setup_environment(args):
           ^^^^^^^^^^^^^^^^^^^^^^^
  File "D:\projects\Credit Risk\windsurf_credit_runner.py", line 717, in setup_environment
    logger.error(f"Failed to set up environment: {e}", exc_info=debug)
                                                                ^^^^^
NameError: name 'debug' is not defined
2025-07-16 07:31:34,186 - __main__ - INFO - Logging initialized
2025-07-16 07:31:34,188 - __main__ - INFO - ================================================================================
2025-07-16 07:31:34,189 - __main__ - INFO - 🚀 Starting Windsurf Credit Health Intelligence Engine
2025-07-16 07:31:34,189 - __main__ - INFO - Mode: Interactive
2025-07-16 07:31:34,189 - __main__ - INFO - ================================================================================
2025-07-16 07:31:34,189 - __main__ - INFO - Setting up environment...
2025-07-16 07:31:34,189 - __main__ - INFO - Using output directory: output
2025-07-16 07:31:34,190 - __main__ - CRITICAL - Critical error: 'dict' object has no attribute 'data_dir'
Traceback (most recent call last):
  File "D:\projects\Credit Risk\windsurf_credit_runner.py", line 846, in main
    if not check_dependencies(args.data_dir) and not args.force:
                              ^^^^^^^^^^^^^
AttributeError: 'dict' object has no attribute 'data_dir'
2025-07-16 07:33:06,648 - __main__ - INFO - Logging initialized
2025-07-16 07:33:06,649 - __main__ - INFO - ================================================================================
2025-07-16 07:33:06,649 - __main__ - INFO - 🚀 Starting Windsurf Credit Health Intelligence Engine
2025-07-16 07:33:06,650 - __main__ - INFO - Mode: Interactive
2025-07-16 07:33:06,650 - __main__ - INFO - ================================================================================
2025-07-16 07:33:06,650 - __main__ - INFO - Setting up environment...
2025-07-16 07:33:06,650 - __main__ - INFO - Using output directory: output
2025-07-16 07:33:06,651 - src.dependency_checker - INFO - [*] Checking system dependencies...
2025-07-16 07:33:06,670 - src.dependency_checker - INFO - [OK] Python Version: Python 3.12.10 (meets requirements)
2025-07-16 07:33:06,671 - src.dependency_checker - INFO - [OK] Packages: All required packages are installed
2025-07-16 07:33:06,671 - src.dependency_checker - INFO - [OK] Data Files: All required data files found in source_data
2025-07-16 07:33:06,671 - src.dependency_checker - INFO - [OK] All dependency checks passed!
2025-07-16 07:33:06,671 - __main__ - CRITICAL - Critical error: CreditHealthEngine.__init__() got an unexpected keyword argument 'data_dir'
Traceback (most recent call last):
  File "D:\projects\Credit Risk\windsurf_credit_runner.py", line 854, in main
    engine = CreditHealthEngine(**args)
             ^^^^^^^^^^^^^^^^^^^^^^^^^^
TypeError: CreditHealthEngine.__init__() got an unexpected keyword argument 'data_dir'
2025-07-16 07:35:02,256 - __main__ - INFO - Logging initialized
2025-07-16 07:35:02,259 - __main__ - INFO - ================================================================================
2025-07-16 07:35:02,260 - __main__ - INFO - 🚀 Starting Windsurf Credit Health Intelligence Engine
2025-07-16 07:35:02,261 - __main__ - INFO - Mode: Interactive
2025-07-16 07:35:02,261 - __main__ - INFO - ================================================================================
2025-07-16 07:35:02,263 - __main__ - INFO - Setting up environment...
2025-07-16 07:35:02,264 - __main__ - INFO - Using output directory: output
2025-07-16 07:35:02,265 - src.dependency_checker - INFO - [*] Checking system dependencies...
2025-07-16 07:35:02,309 - src.dependency_checker - INFO - [OK] Python Version: Python 3.12.10 (meets requirements)
2025-07-16 07:35:02,309 - src.dependency_checker - INFO - [OK] Packages: All required packages are installed
2025-07-16 07:35:02,310 - src.dependency_checker - INFO - [OK] Data Files: All required data files found in source_data
2025-07-16 07:35:02,310 - src.dependency_checker - INFO - [OK] All dependency checks passed!
2025-07-16 07:35:18,632 - __main__ - INFO - Logging initialized
2025-07-16 07:35:18,634 - __main__ - INFO - ================================================================================
2025-07-16 07:35:18,634 - __main__ - INFO - 🚀 Starting Windsurf Credit Health Intelligence Engine
2025-07-16 07:35:18,634 - __main__ - INFO - Mode: Interactive
2025-07-16 07:35:18,634 - __main__ - INFO - ================================================================================
2025-07-16 07:35:18,634 - __main__ - INFO - Setting up environment...
2025-07-16 07:35:18,635 - __main__ - INFO - Using output directory: output
2025-07-16 07:35:18,635 - src.dependency_checker - INFO - [*] Checking system dependencies...
2025-07-16 07:35:18,661 - src.dependency_checker - INFO - [OK] Python Version: Python 3.12.10 (meets requirements)
2025-07-16 07:35:18,661 - src.dependency_checker - INFO - [OK] Packages: All required packages are installed
2025-07-16 07:35:18,661 - src.dependency_checker - INFO - [OK] Data Files: All required data files found in source_data
2025-07-16 07:35:18,661 - src.dependency_checker - INFO - [OK] All dependency checks passed!
2025-07-16 07:36:01,616 - __main__ - INFO - Logging initialized
2025-07-16 07:36:01,616 - __main__ - INFO - ================================================================================
2025-07-16 07:36:01,616 - __main__ - INFO - 🚀 Starting Windsurf Credit Health Intelligence Engine
2025-07-16 07:36:01,616 - __main__ - INFO - Mode: Interactive
2025-07-16 07:36:01,616 - __main__ - INFO - ================================================================================
2025-07-16 07:36:01,616 - __main__ - INFO - Setting up environment...
2025-07-16 07:36:01,616 - __main__ - INFO - Using output directory: output
2025-07-16 07:36:01,616 - src.dependency_checker - INFO - [*] Checking system dependencies...
2025-07-16 07:36:01,631 - src.dependency_checker - INFO - [OK] Python Version: Python 3.12.10 (meets requirements)
2025-07-16 07:36:01,631 - src.dependency_checker - INFO - [OK] Packages: All required packages are installed
2025-07-16 07:36:01,631 - src.dependency_checker - INFO - [OK] Data Files: All required data files found in source_data
2025-07-16 07:36:01,632 - src.dependency_checker - INFO - [OK] All dependency checks passed!
2025-07-16 07:36:14,269 - __main__ - INFO - Exiting...
2025-07-16 07:36:25,231 - __main__ - INFO - Logging initialized
2025-07-16 07:36:25,232 - __main__ - INFO - ================================================================================
2025-07-16 07:36:25,233 - __main__ - INFO - 🚀 Starting Windsurf Credit Health Intelligence Engine
2025-07-16 07:36:25,233 - __main__ - INFO - Mode: Interactive
2025-07-16 07:36:25,233 - __main__ - INFO - ================================================================================
2025-07-16 07:36:25,233 - __main__ - INFO - Setting up environment...
2025-07-16 07:36:25,234 - __main__ - INFO - Using output directory: output
2025-07-16 07:36:25,234 - src.dependency_checker - INFO - [*] Checking system dependencies...
2025-07-16 07:36:25,247 - src.dependency_checker - INFO - [OK] Python Version: Python 3.12.10 (meets requirements)
2025-07-16 07:36:25,248 - src.dependency_checker - INFO - [OK] Packages: All required packages are installed
2025-07-16 07:36:25,248 - src.dependency_checker - INFO - [OK] Data Files: All required data files found in source_data
2025-07-16 07:36:25,249 - src.dependency_checker - INFO - [OK] All dependency checks passed!
2025-07-16 07:36:27,019 - __main__ - CRITICAL - Critical error: name 'run_manual_mode' is not defined
Traceback (most recent call last):
  File "d:\projects\Credit Risk\windsurf_credit_runner.py", line 876, in main
    return run_manual_mode(engine, args)
           ^^^^^^^^^^^^^^^
NameError: name 'run_manual_mode' is not defined
2025-07-16 07:37:29,537 - __main__ - INFO - Logging initialized
2025-07-16 07:37:29,537 - __main__ - INFO - ================================================================================
2025-07-16 07:37:29,537 - __main__ - INFO - 🚀 Starting Windsurf Credit Health Intelligence Engine
2025-07-16 07:37:29,537 - __main__ - INFO - Mode: Interactive
2025-07-16 07:37:29,537 - __main__ - INFO - ================================================================================
2025-07-16 07:37:29,537 - __main__ - INFO - Setting up environment...
2025-07-16 07:37:29,537 - __main__ - INFO - Using output directory: output
2025-07-16 07:37:29,537 - src.dependency_checker - INFO - [*] Checking system dependencies...
2025-07-16 07:37:29,552 - src.dependency_checker - INFO - [OK] Python Version: Python 3.12.10 (meets requirements)
2025-07-16 07:37:29,552 - src.dependency_checker - INFO - [OK] Packages: All required packages are installed
2025-07-16 07:37:29,552 - src.dependency_checker - INFO - [OK] Data Files: All required data files found in source_data
2025-07-16 07:37:29,552 - src.dependency_checker - INFO - [OK] All dependency checks passed!
2025-07-16 07:37:33,966 - __main__ - CRITICAL - Critical error: name 'run_manual_mode' is not defined
Traceback (most recent call last):
  File "d:\projects\Credit Risk\windsurf_credit_runner.py", line 876, in main
    return run_manual_mode(engine, args)
           ^^^^^^^^^^^^^^^
NameError: name 'run_manual_mode' is not defined
2025-07-16 07:37:48,864 - __main__ - INFO - Logging initialized
2025-07-16 07:37:48,867 - __main__ - INFO - ================================================================================
2025-07-16 07:37:48,867 - __main__ - INFO - 🚀 Starting Windsurf Credit Health Intelligence Engine
2025-07-16 07:37:48,868 - __main__ - INFO - Mode: Interactive
2025-07-16 07:37:48,868 - __main__ - INFO - ================================================================================
2025-07-16 07:37:48,868 - __main__ - INFO - Setting up environment...
2025-07-16 07:37:48,868 - __main__ - INFO - Using output directory: output
2025-07-16 07:37:48,868 - src.dependency_checker - INFO - [*] Checking system dependencies...
2025-07-16 07:37:48,888 - src.dependency_checker - INFO - [OK] Python Version: Python 3.12.10 (meets requirements)
2025-07-16 07:37:48,888 - src.dependency_checker - INFO - [OK] Packages: All required packages are installed
2025-07-16 07:37:48,888 - src.dependency_checker - INFO - [OK] Data Files: All required data files found in source_data
2025-07-16 07:37:48,889 - src.dependency_checker - INFO - [OK] All dependency checks passed!
2025-07-16 07:37:58,439 - __main__ - CRITICAL - Critical error: name 'run_manual_mode' is not defined
Traceback (most recent call last):
  File "D:\projects\Credit Risk\windsurf_credit_runner.py", line 876, in main
    return run_manual_mode(engine, args)
           ^^^^^^^^^^^^^^^
NameError: name 'run_manual_mode' is not defined
2025-07-16 07:38:56,553 - __main__ - INFO - Logging initialized
2025-07-16 07:38:56,553 - __main__ - INFO - ================================================================================
2025-07-16 07:38:56,553 - __main__ - INFO - 🚀 Starting Windsurf Credit Health Intelligence Engine
2025-07-16 07:38:56,554 - __main__ - INFO - Mode: Interactive
2025-07-16 07:38:56,554 - __main__ - INFO - ================================================================================
2025-07-16 07:38:56,554 - __main__ - INFO - Setting up environment...
2025-07-16 07:38:56,554 - __main__ - INFO - Using output directory: output
2025-07-16 07:38:56,554 - src.dependency_checker - INFO - [*] Checking system dependencies...
2025-07-16 07:38:56,567 - src.dependency_checker - INFO - [OK] Python Version: Python 3.12.10 (meets requirements)
2025-07-16 07:38:56,567 - src.dependency_checker - INFO - [OK] Packages: All required packages are installed
2025-07-16 07:38:56,567 - src.dependency_checker - INFO - [OK] Data Files: All required data files found in source_data
2025-07-16 07:38:56,568 - src.dependency_checker - INFO - [OK] All dependency checks passed!
2025-07-16 07:39:03,664 - __main__ - INFO - Logging initialized
2025-07-16 07:39:03,665 - __main__ - INFO - ================================================================================
2025-07-16 07:39:03,666 - __main__ - INFO - 🚀 Starting Windsurf Credit Health Intelligence Engine
2025-07-16 07:39:03,666 - __main__ - INFO - Mode: Interactive
2025-07-16 07:39:03,666 - __main__ - INFO - ================================================================================
2025-07-16 07:39:03,667 - __main__ - INFO - Setting up environment...
2025-07-16 07:39:03,667 - __main__ - INFO - Using output directory: output
2025-07-16 07:39:03,667 - src.dependency_checker - INFO - [*] Checking system dependencies...
2025-07-16 07:39:03,679 - src.dependency_checker - INFO - [OK] Python Version: Python 3.12.10 (meets requirements)
2025-07-16 07:39:03,679 - src.dependency_checker - INFO - [OK] Packages: All required packages are installed
2025-07-16 07:39:03,679 - src.dependency_checker - INFO - [OK] Data Files: All required data files found in source_data
2025-07-16 07:39:03,680 - src.dependency_checker - INFO - [OK] All dependency checks passed!
2025-07-16 07:39:07,810 - __main__ - INFO - Logging initialized
2025-07-16 07:39:07,810 - __main__ - INFO - ================================================================================
2025-07-16 07:39:07,810 - __main__ - INFO - 🚀 Starting Windsurf Credit Health Intelligence Engine
2025-07-16 07:39:07,810 - __main__ - INFO - Mode: Interactive
2025-07-16 07:39:07,813 - __main__ - INFO - ================================================================================
2025-07-16 07:39:07,813 - __main__ - INFO - Setting up environment...
2025-07-16 07:39:07,813 - __main__ - INFO - Using output directory: output
2025-07-16 07:39:07,813 - src.dependency_checker - INFO - [*] Checking system dependencies...
2025-07-16 07:39:07,826 - src.dependency_checker - INFO - [OK] Python Version: Python 3.12.10 (meets requirements)
2025-07-16 07:39:07,826 - src.dependency_checker - INFO - [OK] Packages: All required packages are installed
2025-07-16 07:39:07,827 - src.dependency_checker - INFO - [OK] Data Files: All required data files found in source_data
2025-07-16 07:39:07,827 - src.dependency_checker - INFO - [OK] All dependency checks passed!
2025-07-16 07:39:08,619 - __main__ - CRITICAL - Critical error: name 'run_manual_mode' is not defined
Traceback (most recent call last):
  File "d:\projects\Credit Risk\windsurf_credit_runner.py", line 876, in main
    return run_manual_mode(engine, args)
           ^^^^^^^^^^^^^^^
NameError: name 'run_manual_mode' is not defined
2025-07-16 07:39:15,332 - __main__ - INFO - Logging initialized
2025-07-16 07:39:15,334 - __main__ - INFO - ================================================================================
2025-07-16 07:39:15,334 - __main__ - INFO - 🚀 Starting Windsurf Credit Health Intelligence Engine
2025-07-16 07:39:15,334 - __main__ - INFO - Mode: Interactive
2025-07-16 07:39:15,334 - __main__ - INFO - ================================================================================
2025-07-16 07:39:15,334 - __main__ - INFO - Setting up environment...
2025-07-16 07:39:15,334 - __main__ - INFO - Using output directory: output
2025-07-16 07:39:15,334 - src.dependency_checker - INFO - [*] Checking system dependencies...
2025-07-16 07:39:15,349 - src.dependency_checker - INFO - [OK] Python Version: Python 3.12.10 (meets requirements)
2025-07-16 07:39:15,349 - src.dependency_checker - INFO - [OK] Packages: All required packages are installed
2025-07-16 07:39:15,349 - src.dependency_checker - INFO - [OK] Data Files: All required data files found in source_data
2025-07-16 07:39:15,349 - src.dependency_checker - INFO - [OK] All dependency checks passed!
2025-07-16 07:39:18,891 - __main__ - CRITICAL - Critical error: name 'run_auto_mode' is not defined
Traceback (most recent call last):
  File "d:\projects\Credit Risk\windsurf_credit_runner.py", line 878, in main
    return run_auto_mode(engine, args)
           ^^^^^^^^^^^^^
NameError: name 'run_auto_mode' is not defined
2025-07-16 07:39:36,559 - __main__ - INFO - 
Operation cancelled by user.
2025-07-16 07:41:31,582 - __main__ - INFO - Logging initialized
2025-07-16 07:41:31,584 - __main__ - INFO - ================================================================================
2025-07-16 07:41:31,584 - __main__ - INFO - 🚀 Starting Windsurf Credit Health Intelligence Engine
2025-07-16 07:41:31,584 - __main__ - INFO - Mode: Interactive
2025-07-16 07:41:31,584 - __main__ - INFO - ================================================================================
2025-07-16 07:41:31,584 - __main__ - INFO - Setting up environment...
2025-07-16 07:41:31,585 - __main__ - INFO - Using output directory: output
2025-07-16 07:41:31,585 - src.dependency_checker - INFO - [*] Checking system dependencies...
2025-07-16 07:41:31,599 - src.dependency_checker - INFO - [OK] Python Version: Python 3.12.10 (meets requirements)
2025-07-16 07:41:31,599 - src.dependency_checker - INFO - [OK] Packages: All required packages are installed
2025-07-16 07:41:31,599 - src.dependency_checker - INFO - [OK] Data Files: All required data files found in source_data
2025-07-16 07:41:31,599 - src.dependency_checker - INFO - [OK] All dependency checks passed!
2025-07-16 07:41:47,249 - __main__ - INFO - 
Operation cancelled by user.
2025-07-16 07:41:49,714 - __main__ - INFO - Logging initialized
2025-07-16 07:41:49,715 - __main__ - INFO - ================================================================================
2025-07-16 07:41:49,716 - __main__ - INFO - 🚀 Starting Windsurf Credit Health Intelligence Engine
2025-07-16 07:41:49,716 - __main__ - INFO - Mode: Interactive
2025-07-16 07:41:49,717 - __main__ - INFO - ================================================================================
2025-07-16 07:41:49,717 - __main__ - INFO - Setting up environment...
2025-07-16 07:41:49,717 - __main__ - INFO - Using output directory: output
2025-07-16 07:41:49,718 - src.dependency_checker - INFO - [*] Checking system dependencies...
2025-07-16 07:41:49,740 - src.dependency_checker - INFO - [OK] Python Version: Python 3.12.10 (meets requirements)
2025-07-16 07:41:49,740 - src.dependency_checker - INFO - [OK] Packages: All required packages are installed
2025-07-16 07:41:49,741 - src.dependency_checker - INFO - [OK] Data Files: All required data files found in source_data
2025-07-16 07:41:49,741 - src.dependency_checker - INFO - [OK] All dependency checks passed!
2025-07-16 07:41:59,756 - __main__ - CRITICAL - Critical error: name 'run_manual_mode' is not defined
Traceback (most recent call last):
  File "D:\projects\Credit Risk\windsurf_credit_runner.py", line 876, in main
    return run_manual_mode(engine, args)
           ^^^^^^^^^^^^^^^
NameError: name 'run_manual_mode' is not defined
2025-07-16 07:43:15,824 - __main__ - INFO - Logging initialized
2025-07-16 07:43:15,825 - __main__ - INFO - ================================================================================
2025-07-16 07:43:15,825 - __main__ - INFO - 🚀 Starting Windsurf Credit Health Intelligence Engine
2025-07-16 07:43:15,827 - __main__ - INFO - Mode: Interactive
2025-07-16 07:43:15,827 - __main__ - INFO - ================================================================================
2025-07-16 07:43:15,827 - __main__ - INFO - Setting up environment...
2025-07-16 07:43:15,827 - __main__ - INFO - Using output directory: output
2025-07-16 07:43:15,827 - src.dependency_checker - INFO - [*] Checking system dependencies...
2025-07-16 07:43:15,846 - src.dependency_checker - INFO - [OK] Python Version: Python 3.12.10 (meets requirements)
2025-07-16 07:43:15,846 - src.dependency_checker - INFO - [OK] Packages: All required packages are installed
2025-07-16 07:43:15,846 - src.dependency_checker - INFO - [OK] Data Files: All required data files found in source_data
2025-07-16 07:43:15,846 - src.dependency_checker - INFO - [OK] All dependency checks passed!
2025-07-16 07:44:53,247 - src.dependency_checker - INFO - [*] Checking system dependencies...
2025-07-16 07:44:53,256 - src.dependency_checker - INFO - [OK] Python Version: Python 3.12.10 (meets requirements)
2025-07-16 07:44:53,256 - src.dependency_checker - INFO - [OK] Packages: All required packages are installed
2025-07-16 07:44:53,256 - src.dependency_checker - INFO - [OK] Data Files: All required data files found in source_data
2025-07-16 07:44:53,256 - src.dependency_checker - INFO - [OK] All dependency checks passed!
2025-07-16 07:44:53,257 - src.credit_health_engine - INFO - Loading and validating input data...
2025-07-16 07:44:53,625 - src.credit_health_engine - INFO - [OK] Successfully loaded credit_Agents.xlsx with shape (1915, 7)
2025-07-16 07:44:53,813 - src.credit_health_engine - WARNING - Could not convert 'Account' to int64 directly: Cannot convert non-finite values (NA or inf) to integer
2025-07-16 07:44:53,819 - src.credit_health_engine - INFO - Successfully cleaned 'Account' column
2025-07-16 07:44:53,831 - src.credit_health_engine - INFO - [OK] Successfully loaded Credit_history_sales_vs_credit_sales.xlsx with shape (1413, 19)
2025-07-16 07:44:54,220 - src.credit_health_engine - INFO - [OK] Successfully loaded Credit_sales_data.xlsx with shape (6226, 4)
2025-07-16 07:44:54,249 - src.credit_health_engine - INFO - [OK] Successfully loaded DPD.xlsx with shape (91, 7)
2025-07-16 07:44:54,263 - src.credit_health_engine - INFO - [OK] Successfully loaded Region_contact.xlsx with shape (9, 3)
2025-07-16 07:44:55,534 - src.credit_health_engine - INFO - [OK] Successfully loaded sales_data.xlsx with shape (13913, 13)
2025-07-16 07:44:55,534 - src.credit_health_engine - INFO - 
==================================================
2025-07-16 07:44:55,534 - src.credit_health_engine - INFO - DATA LOADING SUMMARY
2025-07-16 07:44:55,534 - src.credit_health_engine - INFO - ==================================================
2025-07-16 07:44:55,534 - src.credit_health_engine - INFO - 
[SUCCESS] Successfully loaded files:
2025-07-16 07:44:55,534 - src.credit_health_engine - INFO -   - Credit_history_sales_vs_credit_sales.xlsx (1413 rows)
2025-07-16 07:44:55,534 - src.credit_health_engine - INFO -   - Credit_sales_data.xlsx (6226 rows)
2025-07-16 07:44:55,534 - src.credit_health_engine - INFO -   - DPD.xlsx (91 rows)
2025-07-16 07:44:55,534 - src.credit_health_engine - INFO -   - Region_contact.xlsx (9 rows)
2025-07-16 07:44:55,534 - src.credit_health_engine - INFO -   - credit_Agents.xlsx (1915 rows)
2025-07-16 07:44:55,534 - src.credit_health_engine - INFO -   - sales_data.xlsx (13913 rows)
2025-07-16 07:44:55,534 - src.credit_health_engine - INFO - 
Mapping all data to credit agents...
2025-07-16 07:44:55,537 - src.credit_health_engine - INFO - Found 1915 unique agent IDs in credit_Agents.xlsx
2025-07-16 07:44:55,537 - src.credit_health_engine - WARNING - 1824 agents missing DPD data
2025-07-16 07:44:55,544 - src.credit_health_engine - WARNING - 1915 agents missing sales data
2025-07-16 07:44:55,551 - src.credit_health_engine - WARNING - 
[WARNING] Agents missing from datasets:
2025-07-16 07:44:55,552 - src.credit_health_engine - WARNING -   - DPD.xlsx: 1824 agents missing
2025-07-16 07:44:55,557 - src.credit_health_engine - WARNING -   - Credit_history_sales_vs_credit_sales.xlsx: 1915 agents missing
2025-07-16 07:44:55,560 - src.credit_health_engine - INFO - 
✅ All files loaded, validated, and mapped successfully!
2025-07-16 07:44:55,560 - src.credit_health_engine - INFO - ==================================================

2025-07-16 07:47:35,093 - __main__ - INFO - Logging initialized
2025-07-16 07:47:35,095 - __main__ - INFO - ================================================================================
2025-07-16 07:47:35,095 - __main__ - INFO - 🚀 Starting Windsurf Credit Health Intelligence Engine
2025-07-16 07:47:35,096 - __main__ - INFO - Mode: Interactive
2025-07-16 07:47:35,096 - __main__ - INFO - ================================================================================
2025-07-16 07:47:35,096 - __main__ - INFO - Setting up environment...
2025-07-16 07:47:35,096 - __main__ - INFO - Using output directory: output
2025-07-16 07:47:35,096 - src.dependency_checker - INFO - [*] Checking system dependencies...
2025-07-16 07:47:35,117 - src.dependency_checker - INFO - [OK] Python Version: Python 3.12.10 (meets requirements)
2025-07-16 07:47:35,117 - src.dependency_checker - INFO - [OK] Packages: All required packages are installed
2025-07-16 07:47:35,117 - src.dependency_checker - INFO - [OK] Data Files: All required data files found in source_data
2025-07-16 07:47:35,117 - src.dependency_checker - INFO - [OK] All dependency checks passed!
2025-07-16 07:47:42,761 - src.dependency_checker - INFO - [*] Checking system dependencies...
2025-07-16 07:47:42,771 - src.dependency_checker - INFO - [OK] Python Version: Python 3.12.10 (meets requirements)
2025-07-16 07:47:42,772 - src.dependency_checker - INFO - [OK] Packages: All required packages are installed
2025-07-16 07:47:42,773 - src.dependency_checker - INFO - [OK] Data Files: All required data files found in source_data
2025-07-16 07:47:42,773 - src.dependency_checker - INFO - [OK] All dependency checks passed!
2025-07-16 07:47:42,773 - src.credit_health_engine - INFO - Loading and validating input data...
2025-07-16 07:47:43,030 - src.credit_health_engine - INFO - [OK] Successfully loaded credit_Agents.xlsx with shape (1915, 7)
2025-07-16 07:47:43,236 - src.credit_health_engine - WARNING - Could not convert 'Account' to int64 directly: Cannot convert non-finite values (NA or inf) to integer
2025-07-16 07:47:43,242 - src.credit_health_engine - INFO - Successfully cleaned 'Account' column
2025-07-16 07:47:43,247 - src.credit_health_engine - INFO - [OK] Successfully loaded Credit_history_sales_vs_credit_sales.xlsx with shape (1413, 19)
2025-07-16 07:47:43,635 - src.credit_health_engine - INFO - [OK] Successfully loaded Credit_sales_data.xlsx with shape (6226, 4)
2025-07-16 07:47:43,651 - src.credit_health_engine - INFO - [OK] Successfully loaded DPD.xlsx with shape (91, 7)
2025-07-16 07:47:43,657 - src.credit_health_engine - INFO - [OK] Successfully loaded Region_contact.xlsx with shape (9, 3)
2025-07-16 07:47:44,995 - src.credit_health_engine - INFO - [OK] Successfully loaded sales_data.xlsx with shape (13913, 13)
2025-07-16 07:47:44,995 - src.credit_health_engine - INFO - 
==================================================
2025-07-16 07:47:44,995 - src.credit_health_engine - INFO - DATA LOADING SUMMARY
2025-07-16 07:47:44,995 - src.credit_health_engine - INFO - ==================================================
2025-07-16 07:47:44,996 - src.credit_health_engine - INFO - 
[SUCCESS] Successfully loaded files:
2025-07-16 07:47:44,996 - src.credit_health_engine - INFO -   - Credit_history_sales_vs_credit_sales.xlsx (1413 rows)
2025-07-16 07:47:44,996 - src.credit_health_engine - INFO -   - Credit_sales_data.xlsx (6226 rows)
2025-07-16 07:47:44,996 - src.credit_health_engine - INFO -   - DPD.xlsx (91 rows)
2025-07-16 07:47:44,997 - src.credit_health_engine - INFO -   - Region_contact.xlsx (9 rows)
2025-07-16 07:47:44,997 - src.credit_health_engine - INFO -   - credit_Agents.xlsx (1915 rows)
2025-07-16 07:47:44,997 - src.credit_health_engine - INFO -   - sales_data.xlsx (13913 rows)
2025-07-16 07:47:44,997 - src.credit_health_engine - INFO - 
Mapping all data to credit agents...
2025-07-16 07:47:44,998 - src.credit_health_engine - INFO - Found 1915 unique agent IDs in credit_Agents.xlsx
2025-07-16 07:47:44,999 - src.credit_health_engine - WARNING - 1824 agents missing DPD data
2025-07-16 07:47:45,003 - src.credit_health_engine - WARNING - 1915 agents missing sales data
2025-07-16 07:47:45,007 - src.credit_health_engine - WARNING - 
[WARNING] Agents missing from datasets:
2025-07-16 07:47:45,007 - src.credit_health_engine - WARNING -   - DPD.xlsx: 1824 agents missing
2025-07-16 07:47:45,012 - src.credit_health_engine - WARNING -   - Credit_history_sales_vs_credit_sales.xlsx: 1915 agents missing
2025-07-16 07:47:45,016 - src.credit_health_engine - INFO - 
✅ All files loaded, validated, and mapped successfully!
2025-07-16 07:47:45,016 - src.credit_health_engine - INFO - ==================================================

2025-07-16 07:47:56,378 - __main__ - INFO - Logging initialized
2025-07-16 07:47:56,379 - __main__ - INFO - ================================================================================
2025-07-16 07:47:56,379 - __main__ - INFO - 🚀 Starting Windsurf Credit Health Intelligence Engine
2025-07-16 07:47:56,379 - __main__ - INFO - Mode: Interactive
2025-07-16 07:47:56,379 - __main__ - INFO - ================================================================================
2025-07-16 07:47:56,379 - __main__ - INFO - Setting up environment...
2025-07-16 07:47:56,380 - __main__ - INFO - Using output directory: output
2025-07-16 07:47:56,380 - src.dependency_checker - INFO - [*] Checking system dependencies...
2025-07-16 07:47:56,394 - src.dependency_checker - INFO - [OK] Python Version: Python 3.12.10 (meets requirements)
2025-07-16 07:47:56,394 - src.dependency_checker - INFO - [OK] Packages: All required packages are installed
2025-07-16 07:47:56,394 - src.dependency_checker - INFO - [OK] Data Files: All required data files found in source_data
2025-07-16 07:47:56,394 - src.dependency_checker - INFO - [OK] All dependency checks passed!
2025-07-16 07:55:47,333 - __main__ - INFO - Logging initialized
2025-07-16 07:55:47,334 - __main__ - INFO - ================================================================================
2025-07-16 07:55:47,335 - __main__ - INFO - 🚀 Starting Windsurf Credit Health Intelligence Engine
2025-07-16 07:55:47,335 - __main__ - INFO - Mode: Interactive
2025-07-16 07:55:47,335 - __main__ - INFO - ================================================================================
2025-07-16 07:55:47,336 - __main__ - INFO - Setting up environment...
2025-07-16 07:55:47,338 - __main__ - INFO - Using output directory: output
2025-07-16 07:55:47,338 - src.dependency_checker - INFO - [*] Checking system dependencies...
2025-07-16 07:55:47,470 - src.dependency_checker - INFO - [OK] Python Version: Python 3.12.10 (meets requirements)
2025-07-16 07:55:47,471 - src.dependency_checker - INFO - [OK] Packages: All required packages are installed
2025-07-16 07:55:47,471 - src.dependency_checker - INFO - [OK] Data Files: All required data files found in source_data
2025-07-16 07:55:47,471 - src.dependency_checker - INFO - [OK] All dependency checks passed!
2025-07-16 07:59:09,573 - src.dependency_checker - INFO - [*] Checking system dependencies...
2025-07-16 07:59:09,580 - src.dependency_checker - INFO - [OK] Python Version: Python 3.12.10 (meets requirements)
2025-07-16 07:59:09,581 - src.dependency_checker - INFO - [OK] Packages: All required packages are installed
2025-07-16 07:59:09,581 - src.dependency_checker - INFO - [OK] Data Files: All required data files found in source_data
2025-07-16 07:59:09,582 - src.dependency_checker - INFO - [OK] All dependency checks passed!
2025-07-16 07:59:09,582 - src.credit_health_engine - INFO - Loading and validating input data...
2025-07-16 07:59:11,347 - src.credit_health_engine - INFO - [OK] Successfully loaded credit_Agents.xlsx with shape (1915, 7)
2025-07-16 07:59:11,563 - src.credit_health_engine - WARNING - Could not convert 'Account' to int64 directly: Cannot convert non-finite values (NA or inf) to integer
2025-07-16 07:59:11,567 - src.credit_health_engine - INFO - Successfully cleaned 'Account' column
2025-07-16 07:59:11,573 - src.credit_health_engine - INFO - [OK] Successfully loaded Credit_history_sales_vs_credit_sales.xlsx with shape (1413, 19)
2025-07-16 07:59:11,925 - src.credit_health_engine - INFO - [OK] Successfully loaded Credit_sales_data.xlsx with shape (6226, 4)
2025-07-16 07:59:11,950 - src.credit_health_engine - INFO - [OK] Successfully loaded DPD.xlsx with shape (91, 7)
2025-07-16 07:59:11,966 - src.credit_health_engine - INFO - [OK] Successfully loaded Region_contact.xlsx with shape (9, 3)
2025-07-16 07:59:13,189 - src.credit_health_engine - INFO - [OK] Successfully loaded sales_data.xlsx with shape (13913, 13)
2025-07-16 07:59:13,190 - src.credit_health_engine - INFO - 
==================================================
2025-07-16 07:59:13,190 - src.credit_health_engine - INFO - DATA LOADING SUMMARY
2025-07-16 07:59:13,190 - src.credit_health_engine - INFO - ==================================================
2025-07-16 07:59:13,190 - src.credit_health_engine - INFO - 
[SUCCESS] Successfully loaded files:
2025-07-16 07:59:13,190 - src.credit_health_engine - INFO -   - Credit_history_sales_vs_credit_sales.xlsx (1413 rows)
2025-07-16 07:59:13,191 - src.credit_health_engine - INFO -   - Credit_sales_data.xlsx (6226 rows)
2025-07-16 07:59:13,191 - src.credit_health_engine - INFO -   - DPD.xlsx (91 rows)
2025-07-16 07:59:13,191 - src.credit_health_engine - INFO -   - Region_contact.xlsx (9 rows)
2025-07-16 07:59:13,191 - src.credit_health_engine - INFO -   - credit_Agents.xlsx (1915 rows)
2025-07-16 07:59:13,191 - src.credit_health_engine - INFO -   - sales_data.xlsx (13913 rows)
2025-07-16 07:59:13,191 - src.credit_health_engine - INFO - 
Mapping all data to credit agents...
2025-07-16 07:59:13,192 - src.credit_health_engine - INFO - Found 1915 unique agent IDs in credit_Agents.xlsx
2025-07-16 07:59:13,193 - src.credit_health_engine - WARNING - 1824 agents missing DPD data
2025-07-16 07:59:13,198 - src.credit_health_engine - WARNING - 1915 agents missing sales data
2025-07-16 07:59:13,204 - src.credit_health_engine - WARNING - 
[WARNING] Agents missing from datasets:
2025-07-16 07:59:13,204 - src.credit_health_engine - WARNING -   - DPD.xlsx: 1824 agents missing
2025-07-16 07:59:13,220 - src.credit_health_engine - WARNING -   - Credit_history_sales_vs_credit_sales.xlsx: 1915 agents missing
2025-07-16 07:59:13,224 - src.credit_health_engine - INFO - 
✅ All files loaded, validated, and mapped successfully!
2025-07-16 07:59:13,224 - src.credit_health_engine - INFO - ==================================================

2025-07-16 08:01:40,523 - __main__ - INFO - Logging initialized
2025-07-16 08:01:40,524 - __main__ - INFO - Setting up logging...
2025-07-16 08:02:01,076 - src.dependency_checker - INFO - [*] Checking system dependencies...
2025-07-16 08:02:01,083 - src.dependency_checker - INFO - [OK] Python Version: Python 3.12.10 (meets requirements)
2025-07-16 08:02:01,083 - src.dependency_checker - INFO - [OK] Packages: All required packages are installed
2025-07-16 08:02:01,083 - src.dependency_checker - INFO - [OK] Data Files: All required data files found in source_data
2025-07-16 08:02:01,083 - src.dependency_checker - INFO - [OK] All dependency checks passed!
2025-07-16 08:02:01,083 - src.credit_health_engine - INFO - Loading and validating input data...
2025-07-16 08:02:01,205 - src.credit_health_engine - INFO - [OK] Successfully loaded credit_Agents.xlsx with shape (1915, 7)
2025-07-16 08:02:01,357 - src.credit_health_engine - WARNING - Could not convert 'Account' to int64 directly: Cannot convert non-finite values (NA or inf) to integer
2025-07-16 08:02:01,360 - src.credit_health_engine - INFO - Successfully cleaned 'Account' column
2025-07-16 08:02:01,366 - src.credit_health_engine - INFO - [OK] Successfully loaded Credit_history_sales_vs_credit_sales.xlsx with shape (1413, 19)
2025-07-16 08:02:01,690 - src.credit_health_engine - INFO - [OK] Successfully loaded Credit_sales_data.xlsx with shape (6226, 4)
2025-07-16 08:02:01,703 - src.credit_health_engine - INFO - [OK] Successfully loaded DPD.xlsx with shape (91, 7)
2025-07-16 08:02:01,710 - src.credit_health_engine - INFO - [OK] Successfully loaded Region_contact.xlsx with shape (9, 3)
2025-07-16 08:02:02,799 - src.credit_health_engine - INFO - [OK] Successfully loaded sales_data.xlsx with shape (13913, 13)
2025-07-16 08:02:02,799 - src.credit_health_engine - INFO - 
==================================================
2025-07-16 08:02:02,800 - src.credit_health_engine - INFO - DATA LOADING SUMMARY
2025-07-16 08:02:02,800 - src.credit_health_engine - INFO - ==================================================
2025-07-16 08:02:02,800 - src.credit_health_engine - INFO - 
[SUCCESS] Successfully loaded files:
2025-07-16 08:02:02,801 - src.credit_health_engine - INFO -   - Credit_history_sales_vs_credit_sales.xlsx (1413 rows)
2025-07-16 08:02:02,801 - src.credit_health_engine - INFO -   - Credit_sales_data.xlsx (6226 rows)
2025-07-16 08:02:02,801 - src.credit_health_engine - INFO -   - DPD.xlsx (91 rows)
2025-07-16 08:02:02,801 - src.credit_health_engine - INFO -   - Region_contact.xlsx (9 rows)
2025-07-16 08:02:02,801 - src.credit_health_engine - INFO -   - credit_Agents.xlsx (1915 rows)
2025-07-16 08:02:02,802 - src.credit_health_engine - INFO -   - sales_data.xlsx (13913 rows)
2025-07-16 08:02:02,802 - src.credit_health_engine - INFO - 
Mapping all data to credit agents...
2025-07-16 08:02:02,802 - src.credit_health_engine - INFO - Found 1915 unique agent IDs in credit_Agents.xlsx
2025-07-16 08:02:02,803 - src.credit_health_engine - WARNING - 1824 agents missing DPD data
2025-07-16 08:02:02,806 - src.credit_health_engine - WARNING - 1915 agents missing sales data
2025-07-16 08:02:02,811 - src.credit_health_engine - WARNING - 
[WARNING] Agents missing from datasets:
2025-07-16 08:02:02,811 - src.credit_health_engine - WARNING -   - DPD.xlsx: 1824 agents missing
2025-07-16 08:02:02,814 - src.credit_health_engine - WARNING -   - Credit_history_sales_vs_credit_sales.xlsx: 1915 agents missing
2025-07-16 08:02:02,818 - src.credit_health_engine - INFO - 
✅ All files loaded, validated, and mapped successfully!
2025-07-16 08:02:02,818 - src.credit_health_engine - INFO - ==================================================

2025-07-16 08:19:15,014 - __main__ - INFO - Logging initialized
2025-07-16 08:19:15,015 - __main__ - INFO - Setting up logging...
2025-07-16 08:20:49,856 - __main__ - INFO - Logging initialized
2025-07-16 08:20:49,857 - __main__ - INFO - Setting up logging...
2025-07-16 08:20:55,919 - src.dependency_checker - INFO - [*] Checking system dependencies...
2025-07-16 08:20:55,933 - src.dependency_checker - INFO - [OK] Python Version: Python 3.12.10 (meets requirements)
2025-07-16 08:20:55,933 - src.dependency_checker - INFO - [OK] Packages: All required packages are installed
2025-07-16 08:20:55,933 - src.dependency_checker - INFO - [OK] Data Files: All required data files found in source_data
2025-07-16 08:20:55,933 - src.dependency_checker - INFO - [OK] All dependency checks passed!
2025-07-16 08:20:55,933 - src.credit_health_engine - INFO - Loading and validating input data...
2025-07-16 08:20:56,198 - src.credit_health_engine - INFO - [OK] Successfully loaded credit_Agents.xlsx with shape (1915, 7)
2025-07-16 08:20:56,413 - src.credit_health_engine - WARNING - Could not convert 'Account' to int64 directly: Cannot convert non-finite values (NA or inf) to integer
2025-07-16 08:20:56,417 - src.credit_health_engine - INFO - Successfully cleaned 'Account' column
2025-07-16 08:20:56,423 - src.credit_health_engine - INFO - [OK] Successfully loaded Credit_history_sales_vs_credit_sales.xlsx with shape (1413, 19)
2025-07-16 08:20:56,769 - src.credit_health_engine - INFO - [OK] Successfully loaded Credit_sales_data.xlsx with shape (6226, 4)
2025-07-16 08:20:56,782 - src.credit_health_engine - INFO - [OK] Successfully loaded DPD.xlsx with shape (91, 7)
2025-07-16 08:20:56,792 - src.credit_health_engine - INFO - [OK] Successfully loaded Region_contact.xlsx with shape (9, 3)
2025-07-16 08:20:57,967 - src.credit_health_engine - INFO - [OK] Successfully loaded sales_data.xlsx with shape (13913, 13)
2025-07-16 08:20:57,967 - src.credit_health_engine - INFO - 
==================================================
2025-07-16 08:20:57,969 - src.credit_health_engine - INFO - DATA LOADING SUMMARY
2025-07-16 08:20:57,969 - src.credit_health_engine - INFO - ==================================================
2025-07-16 08:20:57,969 - src.credit_health_engine - INFO - 
[SUCCESS] Successfully loaded files:
2025-07-16 08:20:57,969 - src.credit_health_engine - INFO -   - Credit_history_sales_vs_credit_sales.xlsx (1413 rows)
2025-07-16 08:20:57,969 - src.credit_health_engine - INFO -   - Credit_sales_data.xlsx (6226 rows)
2025-07-16 08:20:57,969 - src.credit_health_engine - INFO -   - DPD.xlsx (91 rows)
2025-07-16 08:20:57,969 - src.credit_health_engine - INFO -   - Region_contact.xlsx (9 rows)
2025-07-16 08:20:57,969 - src.credit_health_engine - INFO -   - credit_Agents.xlsx (1915 rows)
2025-07-16 08:20:57,969 - src.credit_health_engine - INFO -   - sales_data.xlsx (13913 rows)
2025-07-16 08:20:57,969 - src.credit_health_engine - INFO - 
Mapping all data to credit agents...
2025-07-16 08:20:57,969 - src.credit_health_engine - INFO - Found 1915 unique agent IDs in credit_Agents.xlsx
2025-07-16 08:20:57,973 - src.credit_health_engine - WARNING - 1824 agents missing DPD data
2025-07-16 08:20:57,977 - src.credit_health_engine - WARNING - 1915 agents missing sales data
2025-07-16 08:20:57,981 - src.credit_health_engine - WARNING - 
[WARNING] Agents missing from datasets:
2025-07-16 08:20:57,981 - src.credit_health_engine - WARNING -   - DPD.xlsx: 1824 agents missing
2025-07-16 08:20:57,987 - src.credit_health_engine - WARNING -   - Credit_history_sales_vs_credit_sales.xlsx: 1915 agents missing
2025-07-16 08:20:57,993 - src.credit_health_engine - INFO - 
✅ All files loaded, validated, and mapped successfully!
2025-07-16 08:20:57,993 - src.credit_health_engine - INFO - ==================================================

2025-07-16 08:21:45,357 - __main__ - INFO - Logging initialized
2025-07-16 08:21:45,358 - __main__ - INFO - Setting up logging...
2025-07-16 08:31:08,503 - __main__ - INFO - Logging initialized
2025-07-16 08:31:08,503 - __main__ - INFO - Setting up logging...
2025-07-16 18:27:42,627 - __main__ - INFO - Logging initialized
2025-07-16 18:27:42,630 - __main__ - INFO - Setting up logging...
2025-07-16 18:43:28,611 - __main__ - INFO - Logging initialized
2025-07-16 18:43:28,614 - __main__ - INFO - Setting up logging...
2025-07-16 18:43:42,919 - __main__ - INFO - Logging initialized
2025-07-16 18:43:42,923 - __main__ - INFO - Setting up logging...
2025-07-17 20:56:02,776 - __main__ - INFO - Logging initialized
2025-07-17 20:56:02,776 - __main__ - INFO - Setting up logging...
2025-07-17 20:57:15,218 - src.dependency_checker - INFO - [*] Checking system dependencies...
2025-07-17 20:57:15,281 - src.dependency_checker - INFO - [OK] Python Version: Python 3.12.10 (meets requirements)
2025-07-17 20:57:15,281 - src.dependency_checker - INFO - [OK] Packages: All required packages are installed
2025-07-17 20:57:15,281 - src.dependency_checker - INFO - [OK] Data Files: All required data files found in source_data
2025-07-17 20:57:15,281 - src.dependency_checker - INFO - [OK] All dependency checks passed!
2025-07-17 20:57:15,281 - src.credit_health_engine - INFO - Loading and validating input data...
2025-07-17 20:57:17,338 - src.credit_health_engine - INFO - [OK] Successfully loaded credit_Agents.xlsx with shape (1915, 7)
2025-07-17 20:57:17,654 - src.credit_health_engine - WARNING - Could not convert 'Account' to int64 directly: Cannot convert non-finite values (NA or inf) to integer
2025-07-17 20:57:17,667 - src.credit_health_engine - INFO - Successfully cleaned 'Account' column
2025-07-17 20:57:17,681 - src.credit_health_engine - INFO - [OK] Successfully loaded Credit_history_sales_vs_credit_sales.xlsx with shape (1413, 19)
2025-07-17 20:57:18,209 - src.credit_health_engine - INFO - [OK] Successfully loaded Credit_sales_data.xlsx with shape (6226, 4)
2025-07-17 20:57:18,242 - src.credit_health_engine - INFO - [OK] Successfully loaded DPD.xlsx with shape (91, 7)
2025-07-17 20:57:18,253 - src.credit_health_engine - INFO - [OK] Successfully loaded Region_contact.xlsx with shape (9, 3)
2025-07-17 20:57:19,913 - src.credit_health_engine - INFO - [OK] Successfully loaded sales_data.xlsx with shape (13913, 13)
2025-07-17 20:57:19,916 - src.credit_health_engine - INFO - 
==================================================
2025-07-17 20:57:19,916 - src.credit_health_engine - INFO - DATA LOADING SUMMARY
2025-07-17 20:57:19,916 - src.credit_health_engine - INFO - ==================================================
2025-07-17 20:57:19,916 - src.credit_health_engine - INFO - 
[SUCCESS] Successfully loaded files:
2025-07-17 20:57:19,916 - src.credit_health_engine - INFO -   - Credit_history_sales_vs_credit_sales.xlsx (1413 rows)
2025-07-17 20:57:19,916 - src.credit_health_engine - INFO -   - Credit_sales_data.xlsx (6226 rows)
2025-07-17 20:57:19,916 - src.credit_health_engine - INFO -   - DPD.xlsx (91 rows)
2025-07-17 20:57:19,916 - src.credit_health_engine - INFO -   - Region_contact.xlsx (9 rows)
2025-07-17 20:57:19,916 - src.credit_health_engine - INFO -   - credit_Agents.xlsx (1915 rows)
2025-07-17 20:57:19,916 - src.credit_health_engine - INFO -   - sales_data.xlsx (13913 rows)
2025-07-17 20:57:19,916 - src.credit_health_engine - INFO - 
Mapping all data to credit agents...
2025-07-17 20:57:19,920 - src.credit_health_engine - INFO - Found 1915 unique agent IDs in credit_Agents.xlsx
2025-07-17 20:57:19,920 - src.credit_health_engine - WARNING - 1824 agents missing DPD data
2025-07-17 20:57:19,941 - src.credit_health_engine - WARNING - 1915 agents missing sales data
2025-07-17 20:57:19,946 - src.credit_health_engine - WARNING - 
[WARNING] Agents missing from datasets:
2025-07-17 20:57:19,946 - src.credit_health_engine - WARNING -   - DPD.xlsx: 1824 agents missing
2025-07-17 20:57:19,978 - src.credit_health_engine - WARNING -   - Credit_history_sales_vs_credit_sales.xlsx: 1915 agents missing
2025-07-17 20:57:19,990 - src.credit_health_engine - INFO - 
✅ All files loaded, validated, and mapped successfully!
2025-07-17 20:57:19,991 - src.credit_health_engine - INFO - ==================================================

2025-07-18 06:44:17,591 - __main__ - INFO - Logging initialized
2025-07-18 06:44:17,598 - __main__ - INFO - Setting up logging...
2025-07-18 06:44:29,704 - src.dependency_checker - INFO - [*] Checking system dependencies...
2025-07-18 06:44:29,764 - src.dependency_checker - INFO - [OK] Python Version: Python 3.12.10 (meets requirements)
2025-07-18 06:44:29,764 - src.dependency_checker - INFO - [OK] Packages: All required packages are installed
2025-07-18 06:44:29,764 - src.dependency_checker - INFO - [OK] Data Files: All required data files found in source_data
2025-07-18 06:44:29,764 - src.dependency_checker - INFO - [OK] All dependency checks passed!
2025-07-18 06:44:29,764 - src.credit_health_engine - INFO - Loading and validating input data...
2025-07-18 06:44:31,828 - src.credit_health_engine - INFO - [OK] Successfully loaded credit_Agents.xlsx with shape (1915, 7)
2025-07-18 06:44:32,031 - src.credit_health_engine - WARNING - Could not convert 'Account' to int64 directly: Cannot convert non-finite values (NA or inf) to integer
2025-07-18 06:44:32,043 - src.credit_health_engine - INFO - Successfully cleaned 'Account' column
2025-07-18 06:44:32,048 - src.credit_health_engine - INFO - [OK] Successfully loaded Credit_history_sales_vs_credit_sales.xlsx with shape (1413, 19)
2025-07-18 06:44:32,437 - src.credit_health_engine - INFO - [OK] Successfully loaded Credit_sales_data.xlsx with shape (6226, 4)
2025-07-18 06:44:32,454 - src.credit_health_engine - INFO - [OK] Successfully loaded DPD.xlsx with shape (91, 7)
2025-07-18 06:44:32,468 - src.credit_health_engine - INFO - [OK] Successfully loaded Region_contact.xlsx with shape (9, 3)
2025-07-18 06:44:33,671 - src.credit_health_engine - INFO - [OK] Successfully loaded sales_data.xlsx with shape (13913, 13)
2025-07-18 06:44:33,671 - src.credit_health_engine - INFO - 
==================================================
2025-07-18 06:44:33,672 - src.credit_health_engine - INFO - DATA LOADING SUMMARY
2025-07-18 06:44:33,672 - src.credit_health_engine - INFO - ==================================================
2025-07-18 06:44:33,672 - src.credit_health_engine - INFO - 
[SUCCESS] Successfully loaded files:
2025-07-18 06:44:33,672 - src.credit_health_engine - INFO -   - Credit_history_sales_vs_credit_sales.xlsx (1413 rows)
2025-07-18 06:44:33,672 - src.credit_health_engine - INFO -   - Credit_sales_data.xlsx (6226 rows)
2025-07-18 06:44:33,672 - src.credit_health_engine - INFO -   - DPD.xlsx (91 rows)
2025-07-18 06:44:33,672 - src.credit_health_engine - INFO -   - Region_contact.xlsx (9 rows)
2025-07-18 06:44:33,674 - src.credit_health_engine - INFO -   - credit_Agents.xlsx (1915 rows)
2025-07-18 06:44:33,674 - src.credit_health_engine - INFO -   - sales_data.xlsx (13913 rows)
2025-07-18 06:44:33,674 - src.credit_health_engine - INFO - 
Mapping all data to credit agents...
2025-07-18 06:44:33,675 - src.credit_health_engine - INFO - Found 1915 unique agent IDs in credit_Agents.xlsx
2025-07-18 06:44:33,677 - src.credit_health_engine - WARNING - 1824 agents missing DPD data
2025-07-18 06:44:33,683 - src.credit_health_engine - WARNING - 1915 agents missing sales data
2025-07-18 06:44:33,694 - src.credit_health_engine - WARNING - 
[WARNING] Agents missing from datasets:
2025-07-18 06:44:33,695 - src.credit_health_engine - WARNING -   - DPD.xlsx: 1824 agents missing
2025-07-18 06:44:33,715 - src.credit_health_engine - WARNING -   - Credit_history_sales_vs_credit_sales.xlsx: 1915 agents missing
2025-07-18 06:44:33,720 - src.credit_health_engine - INFO - 
✅ All files loaded, validated, and mapped successfully!
2025-07-18 06:44:33,720 - src.credit_health_engine - INFO - ==================================================

2025-07-18 06:56:59,416 - __main__ - INFO - Logging initialized
2025-07-18 06:56:59,419 - __main__ - INFO - Setting up logging...
2025-07-18 06:59:39,691 - __main__ - INFO - Logging initialized
2025-07-18 06:59:39,692 - __main__ - INFO - Setting up logging...
2025-07-18 07:02:40,657 - __main__ - INFO - Logging initialized
2025-07-18 07:02:40,657 - __main__ - INFO - Setting up logging...
2025-07-18 07:05:19,272 - __main__ - INFO - Logging initialized
2025-07-18 07:05:19,275 - __main__ - INFO - Setting up logging...
2025-07-18 07:07:13,591 - __main__ - INFO - Logging initialized
2025-07-18 07:07:13,595 - __main__ - INFO - Setting up logging...
2025-07-18 07:07:33,033 - __main__ - ERROR - Agent lookup failed
Traceback (most recent call last):
  File "d:\projects\Credit Risk\windsurf_credit_runner.py", line 379, in agent_lookup
    'last_updated': datetime.now().strftime('%Y-%m-%d %H:%M:%S')
                    ^^^^^^^^
NameError: name 'datetime' is not defined. Did you forget to import 'datetime'
2025-07-18 07:07:56,738 - __main__ - ERROR - Agent lookup failed
Traceback (most recent call last):
  File "d:\projects\Credit Risk\windsurf_credit_runner.py", line 379, in agent_lookup
    'last_updated': datetime.now().strftime('%Y-%m-%d %H:%M:%S')
                    ^^^^^^^^
NameError: name 'datetime' is not defined. Did you forget to import 'datetime'
2025-07-18 07:08:53,149 - __main__ - ERROR - Agent lookup failed
Traceback (most recent call last):
  File "d:\projects\Credit Risk\windsurf_credit_runner.py", line 379, in agent_lookup
    agent = agents[agents['BZID'] == agent_id]
                        ^^^^^^^^
NameError: name 'datetime' is not defined. Did you forget to import 'datetime'
2025-07-18 07:09:04,542 - __main__ - INFO - Logging initialized
2025-07-18 07:09:04,545 - __main__ - INFO - Setting up logging...
2025-07-18 07:09:29,483 - __main__ - ERROR - Agent lookup failed
Traceback (most recent call last):
  File "d:\projects\Credit Risk\windsurf_credit_runner.py", line 394, in agent_lookup
    'last_updated': datetime.now().strftime('%Y-%m-%d %H:%M:%S')
                    ^^^^^^^^
NameError: name 'datetime' is not defined. Did you forget to import 'datetime'
2025-07-18 07:10:28,846 - __main__ - ERROR - Agent lookup failed
Traceback (most recent call last):
  File "d:\projects\Credit Risk\windsurf_credit_runner.py", line 394, in agent_lookup
    'last_updated': datetime.now().strftime('%Y-%m-%d %H:%M:%S')
                    ^^^^^^^^
NameError: name 'datetime' is not defined. Did you forget to import 'datetime'
2025-07-18 07:12:32,171 - __main__ - INFO - Logging initialized
2025-07-18 07:12:32,173 - __main__ - INFO - Setting up logging...
2025-07-18 07:12:35,929 - __main__ - ERROR - Error in agent_lookup
Traceback (most recent call last):
  File "d:\projects\Credit Risk\windsurf_credit_runner.py", line 322, in agent_lookup
    f.write(f"Started at: {datetime.now()}\n\n")
                           ^^^^^^^^
NameError: name 'datetime' is not defined. Did you forget to import 'datetime'
2025-07-18 07:12:40,544 - __main__ - ERROR - Error in agent_lookup
Traceback (most recent call last):
  File "d:\projects\Credit Risk\windsurf_credit_runner.py", line 322, in agent_lookup
    f.write(f"Started at: {datetime.now()}\n\n")
                           ^^^^^^^^
NameError: name 'datetime' is not defined. Did you forget to import 'datetime'
2025-07-18 07:12:48,743 - __main__ - ERROR - Error in agent_lookup
Traceback (most recent call last):
  File "d:\projects\Credit Risk\windsurf_credit_runner.py", line 322, in agent_lookup
    f.write(f"Started at: {datetime.now()}\n\n")
                           ^^^^^^^^
NameError: name 'datetime' is not defined. Did you forget to import 'datetime'
2025-07-18 07:33:33,022 - __main__ - INFO - Logging initialized
2025-07-18 07:33:33,024 - __main__ - INFO - Setting up logging...
2025-07-18 07:33:33,025 - __main__ - CRITICAL - Error: name 'CreditXCLI' is not defined
2025-07-18 07:33:39,662 - __main__ - INFO - Logging initialized
2025-07-18 07:33:39,664 - __main__ - INFO - Setting up logging...
2025-07-18 07:33:39,664 - __main__ - CRITICAL - Error: name 'CreditXCLI' is not defined
2025-07-18 07:34:45,857 - __main__ - INFO - Logging initialized
2025-07-18 07:34:45,859 - __main__ - INFO - Setting up logging...
2025-07-18 07:34:45,995 - __main__ - INFO - Operation cancelled by user
2025-07-18 07:34:47,854 - __main__ - INFO - Logging initialized
2025-07-18 07:34:47,857 - __main__ - INFO - Setting up logging...
2025-07-18 07:37:06,398 - __main__ - INFO - Logging initialized
2025-07-18 07:37:06,400 - __main__ - INFO - Setting up logging...
2025-07-18 07:38:31,225 - __main__ - INFO - Logging initialized
2025-07-18 07:38:31,228 - __main__ - INFO - Setting up logging...
2025-07-18 07:50:58,956 - __main__ - INFO - Operation cancelled by user
2025-07-18 07:51:00,556 - __main__ - INFO - Logging initialized
2025-07-18 07:51:00,556 - __main__ - INFO - Setting up logging...
2025-07-18 08:07:05,669 - __main__ - INFO - Logging initialized
2025-07-18 08:07:05,671 - __main__ - INFO - Setting up logging...
2025-07-18 08:07:22,896 - __main__ - INFO - Logging initialized
2025-07-18 08:07:22,901 - __main__ - INFO - Setting up logging...
2025-07-18 08:07:29,140 - __main__ - ERROR - Error in auto mode
Traceback (most recent call last):
  File "d:\projects\Credit Risk\windsurf_credit_runner.py", line 267, in auto_mode
    if not self.agent_lookup(auto_mode=True):
           ^^^^^^^^^^^^^^^^^^^^^^^^^^^^^^^^^
TypeError: CreditAnalyzerCLI.agent_lookup() got an unexpected keyword argument 'auto_mode'
